[0.202s] Invoking command in '/home/maghetto/ros2_ws/build/my_first_personal_project': CMAKE_PREFIX_PATH=${CMAKE_PREFIX_PATH}:/home/maghetto/ros2_ws/install/py_launch_example:/home/maghetto/ros2_ws/install/launch_tutorial:/home/maghetto/ros2_ws/install/examples_rclpy_minimal_subscriber:/home/maghetto/ros2_ws/install/examples_rclpy_minimal_service:/home/maghetto/ros2_ws/install/examples_rclpy_minimal_publisher:/home/maghetto/ros2_ws/install/examples_rclpy_minimal_client:/home/maghetto/ros2_ws/install/examples_rclpy_minimal_action_server:/home/maghetto/ros2_ws/install/examples_rclpy_minimal_action_client:/home/maghetto/ros2_ws/install/examples_rclpy_executors:/opt/ros/foxy /usr/bin/cmake --build /home/maghetto/ros2_ws/build/my_first_personal_project -- -j6 -l6
[0.294s] [  6%] Built target my_first_personal_project__cpp
[0.294s] [ 12%] Built target my_first_personal_project__rosidl_generator_c
[0.332s] [ 30%] Built target my_first_personal_project__rosidl_typesupport_introspection_cpp
[0.332s] [ 30%] Built target my_first_personal_project__rosidl_typesupport_introspection_c
[0.332s] [ 39%] Built target my_first_personal_project__rosidl_typesupport_c
[0.333s] [ 48%] Built target my_first_personal_project__rosidl_typesupport_cpp
[0.334s] [ 57%] Built target my_first_personal_project__rosidl_typesupport_fastrtps_cpp
[0.369s] [ 66%] Built target my_first_personal_project__rosidl_typesupport_fastrtps_c
[0.399s] [ 66%] Built target my_first_personal_project
[0.424s] [35m[1mScanning dependencies of target random_generator[0m
[0.436s] [ 69%] Built target my_first_personal_project__py
[0.449s] [ 72%] [32mBuilding CXX object CMakeFiles/random_generator.dir/src/random_generator.cpp.o[0m
[0.471s] [ 78%] Built target my_first_personal_project__python
[0.516s] [ 84%] Built target my_first_personal_project__rosidl_typesupport_c__pyext
[0.516s] [ 90%] Built target my_first_personal_project__rosidl_typesupport_fastrtps_c__pyext
[0.517s] [ 96%] Built target my_first_personal_project__rosidl_typesupport_introspection_c__pyext
[1.814s] [01m[K/home/maghetto/ros2_ws/src/my_first_personal_project/src/random_generator.cpp:[m[K In member function â€˜[01m[Kvoid Random_Publisher::timer_callback()[m[Kâ€™:
[1.814s] [01m[K/home/maghetto/ros2_ws/src/my_first_personal_project/src/random_generator.cpp:35:7:[m[K [01;31m[Kerror: [m[Kâ€˜[01m[Kuint32[m[Kâ€™ was not declared in this scope; did you mean â€˜[01m[Krintf32[m[Kâ€™?
[1.814s]    35 |       [01;31m[Kuint32[m[K max_n = static_cast<uint32_t>(this->get_parameter("max_n").as_string());
[1.814s]       |       [01;31m[K^~~~~~[m[K
[1.814s]       |       [32m[Krintf32[m[K
[1.814s] [01m[K/home/maghetto/ros2_ws/src/my_first_personal_project/src/random_generator.cpp:36:13:[m[K [01;31m[Kerror: [m[Kexpected â€˜[01m[K;[m[Kâ€™ before â€˜[01m[Kmin_n[m[Kâ€™
[1.814s]    36 |       uint32[01;31m[K [m[K[32m[Kmin_n[m[K = static_cast<uint32_t>(this->get_parameter("min_n").as_string());
[1.814s]       |             [01;31m[K^[m[K[32m[K~~~~~[m[K
[1.814s]       |             [32m[K;[m[K
[1.815s] [01m[K/home/maghetto/ros2_ws/src/my_first_personal_project/src/random_generator.cpp:39:33:[m[K [01;31m[Kerror: [m[Kâ€˜[01m[Kmax_n[m[Kâ€™ was not declared in this scope
[1.816s]    39 |       number.number = (rand() % [01;31m[Kmax_n[m[K) + min_n;
[1.816s]       |                                 [01;31m[K^~~~~[m[K
[1.817s] [01m[K/home/maghetto/ros2_ws/src/my_first_personal_project/src/random_generator.cpp:39:42:[m[K [01;31m[Kerror: [m[Kâ€˜[01m[Kmin_n[m[Kâ€™ was not declared in this scope
[1.817s]    39 |       number.number = (rand() % max_n) + [01;31m[Kmin_n[m[K;
[1.817s]       |                                          [01;31m[K^~~~~[m[K
[2.792s] make[2]: *** [CMakeFiles/random_generator.dir/build.make:63: CMakeFiles/random_generator.dir/src/random_generator.cpp.o] Errore 1
[2.793s] make[1]: *** [CMakeFiles/Makefile2:155: CMakeFiles/random_generator.dir/all] Errore 2
[2.793s] make: *** [Makefile:141: all] Errore 2
[2.796s] Invoked command in '/home/maghetto/ros2_ws/build/my_first_personal_project' returned '2': CMAKE_PREFIX_PATH=${CMAKE_PREFIX_PATH}:/home/maghetto/ros2_ws/install/py_launch_example:/home/maghetto/ros2_ws/install/launch_tutorial:/home/maghetto/ros2_ws/install/examples_rclpy_minimal_subscriber:/home/maghetto/ros2_ws/install/examples_rclpy_minimal_service:/home/maghetto/ros2_ws/install/examples_rclpy_minimal_publisher:/home/maghetto/ros2_ws/install/examples_rclpy_minimal_client:/home/maghetto/ros2_ws/install/examples_rclpy_minimal_action_server:/home/maghetto/ros2_ws/install/examples_rclpy_minimal_action_client:/home/maghetto/ros2_ws/install/examples_rclpy_executors:/opt/ros/foxy /usr/bin/cmake --build /home/maghetto/ros2_ws/build/my_first_personal_project -- -j6 -l6
