In file included from [01m[K/home/maghetto/ros2_ws/build/my_first_personal_project/rosidl_generator_c/my_first_personal_project/msg/detail/number__functions.h:19[m[K,
                 from [01m[K/home/maghetto/ros2_ws/build/my_first_personal_project/rosidl_generator_c/my_first_personal_project/msg/detail/number__functions.c:4[m[K:
[01m[K/home/maghetto/ros2_ws/build/my_first_personal_project/rosidl_generator_c/my_first_personal_project/msg/detail/number__struct.h:22:10:[m[K [01;31m[Kfatal error: [m[Kmy_first_personal_project/msg/detail/string__struct.h: File o directory non esistente
   22 | #include [01;31m[K"my_first_personal_project/msg/detail/string__struct.h"[m[K
      |          [01;31m[K^~~~~~~~~~~~~~~~~~~~~~~~~~~~~~~~~~~~~~~~~~~~~~~~~~~~~~~[m[K
compilation terminated.
make[2]: *** [CMakeFiles/my_first_personal_project__rosidl_generator_c.dir/build.make:92: CMakeFiles/my_first_personal_project__rosidl_generator_c.dir/rosidl_generator_c/my_first_personal_project/msg/detail/number__functions.c.o] Errore 1
make[1]: *** [CMakeFiles/Makefile2:362: CMakeFiles/my_first_personal_project__rosidl_generator_c.dir/all] Errore 2
make[1]: *** Attesa per i processi non terminati....
In file included from [01m[K/home/maghetto/ros2_ws/build/my_first_personal_project/rosidl_typesupport_cpp/my_first_personal_project/msg/number__type_support.cpp:7[m[K:
[01m[K/home/maghetto/ros2_ws/build/my_first_personal_project/rosidl_generator_cpp/my_first_personal_project/msg/detail/number__struct.hpp:19:10:[m[K [01;31m[Kfatal error: [m[Kmy_first_personal_project/msg/detail/string__struct.hpp: File o directory non esistente
   19 | #include [01;31m[K"my_first_personal_project/msg/detail/string__struct.hpp"[m[K
      |          [01;31m[K^~~~~~~~~~~~~~~~~~~~~~~~~~~~~~~~~~~~~~~~~~~~~~~~~~~~~~~~~[m[K
compilation terminated.
make[2]: *** [CMakeFiles/my_first_personal_project__rosidl_typesupport_cpp.dir/build.make:73: CMakeFiles/my_first_personal_project__rosidl_typesupport_cpp.dir/rosidl_typesupport_cpp/my_first_personal_project/msg/number__type_support.cpp.o] Errore 1
make[1]: *** [CMakeFiles/Makefile2:445: CMakeFiles/my_first_personal_project__rosidl_typesupport_cpp.dir/all] Errore 2
In file included from [01m[K/home/maghetto/ros2_ws/build/my_first_personal_project/rosidl_typesupport_fastrtps_cpp/my_first_personal_project/msg/detail/number__rosidl_typesupport_fastrtps_cpp.hpp:11[m[K,
                 from [01m[K/home/maghetto/ros2_ws/build/my_first_personal_project/rosidl_typesupport_fastrtps_cpp/my_first_personal_project/msg/detail/dds_fastrtps/number__type_support.cpp:4[m[K:
[01m[K/home/maghetto/ros2_ws/build/my_first_personal_project/rosidl_generator_cpp/my_first_personal_project/msg/detail/number__struct.hpp:19:10:[m[K [01;31m[Kfatal error: [m[Kmy_first_personal_project/msg/detail/string__struct.hpp: File o directory non esistente
   19 | #include [01;31m[K"my_first_personal_project/msg/detail/string__struct.hpp"[m[K
      |          [01;31m[K^~~~~~~~~~~~~~~~~~~~~~~~~~~~~~~~~~~~~~~~~~~~~~~~~~~~~~~~~[m[K
compilation terminated.
make[2]: *** [CMakeFiles/my_first_personal_project__rosidl_typesupport_fastrtps_cpp.dir/build.make:78: CMakeFiles/my_first_personal_project__rosidl_typesupport_fastrtps_cpp.dir/rosidl_typesupport_fastrtps_cpp/my_first_personal_project/msg/detail/dds_fastrtps/number__type_support.cpp.o] Errore 1
make[1]: *** [CMakeFiles/Makefile2:308: CMakeFiles/my_first_personal_project__rosidl_typesupport_fastrtps_cpp.dir/all] Errore 2
In file included from [01m[K/home/maghetto/ros2_ws/build/my_first_personal_project/rosidl_typesupport_introspection_cpp/my_first_personal_project/msg/detail/number__type_support.cpp:12[m[K:
[01m[K/home/maghetto/ros2_ws/build/my_first_personal_project/rosidl_generator_cpp/my_first_personal_project/msg/detail/number__struct.hpp:19:10:[m[K [01;31m[Kfatal error: [m[Kmy_first_personal_project/msg/detail/string__struct.hpp: File o directory non esistente
   19 | #include [01;31m[K"my_first_personal_project/msg/detail/string__struct.hpp"[m[K
      |          [01;31m[K^~~~~~~~~~~~~~~~~~~~~~~~~~~~~~~~~~~~~~~~~~~~~~~~~~~~~~~~~[m[K
compilation terminated.
make[2]: *** [CMakeFiles/my_first_personal_project__rosidl_typesupport_introspection_cpp.dir/build.make:78: CMakeFiles/my_first_personal_project__rosidl_typesupport_introspection_cpp.dir/rosidl_typesupport_introspection_cpp/my_first_personal_project/msg/detail/number__type_support.cpp.o] Errore 1
make[1]: *** [CMakeFiles/Makefile2:526: CMakeFiles/my_first_personal_project__rosidl_typesupport_introspection_cpp.dir/all] Errore 2
make: *** [Makefile:141: all] Errore 2
