[0.219s] Invoking command in '/home/maghetto/ros2_ws/build/my_first_personal_project': CMAKE_PREFIX_PATH=${CMAKE_PREFIX_PATH}:/home/maghetto/ros2_ws/install/py_launch_example:/home/maghetto/ros2_ws/install/launch_tutorial:/home/maghetto/ros2_ws/install/examples_rclpy_minimal_subscriber:/home/maghetto/ros2_ws/install/examples_rclpy_minimal_service:/home/maghetto/ros2_ws/install/examples_rclpy_minimal_publisher:/home/maghetto/ros2_ws/install/examples_rclpy_minimal_client:/home/maghetto/ros2_ws/install/examples_rclpy_minimal_action_server:/home/maghetto/ros2_ws/install/examples_rclpy_minimal_action_client:/home/maghetto/ros2_ws/install/examples_rclpy_executors:/opt/ros/foxy /usr/bin/cmake --build /home/maghetto/ros2_ws/build/my_first_personal_project -- -j6 -l6
[0.258s] -- Found ament_cmake: 0.9.12 (/opt/ros/foxy/share/ament_cmake/cmake)
[0.294s] -- Found PythonInterp: /usr/bin/python3 (found suitable version "3.8.10", minimum required is "3") 
[0.294s] -- Using PYTHON_EXECUTABLE: /usr/bin/python3
[0.517s] -- Found rclcpp: 2.4.3 (/opt/ros/foxy/share/rclcpp/cmake)
[0.558s] -- Using all available rosidl_typesupport_c: rosidl_typesupport_fastrtps_c;rosidl_typesupport_introspection_c
[0.563s] -- Found rosidl_adapter: 1.3.1 (/opt/ros/foxy/share/rosidl_adapter/cmake)
[0.742s] -- Using all available rosidl_typesupport_cpp: rosidl_typesupport_fastrtps_cpp;rosidl_typesupport_introspection_cpp
[0.804s] -- Found rmw_implementation_cmake: 1.0.4 (/opt/ros/foxy/share/rmw_implementation_cmake/cmake)
[0.807s] -- Using RMW implementation 'rmw_fastrtps_cpp' as default
[0.984s] -- Found rosbag2_cpp: 0.3.11 (/opt/ros/foxy/share/rosbag2_cpp/cmake)
[1.021s] -- Setting yaml-cpp_DIR to: '/opt/ros/foxy/share/yaml_cpp_vendor/cmake/../../../opt/yaml_cpp_vendor/lib/cmake/yaml-cpp'
[1.026s] -- Found rosidl_default_generators: 1.0.1 (/opt/ros/foxy/share/rosidl_default_generators/cmake)
[1.078s] -- Found PythonInterp: /usr/bin/python3 (found version "3.8.10") 
[1.312s] CMake Error at /opt/ros/foxy/share/rosidl_adapter/cmake/rosidl_adapt_interfaces.cmake:60 (message):
[1.312s]   execute_process(/usr/bin/python3 -m rosidl_adapter --package-name
[1.312s]   my_first_personal_project --arguments-file
[1.312s]   /home/maghetto/ros2_ws/build/my_first_personal_project/rosidl_adapter__arguments__my_first_personal_project.json
[1.312s]   --output-dir
[1.312s]   /home/maghetto/ros2_ws/build/my_first_personal_project/rosidl_adapter/my_first_personal_project
[1.312s]   --output-file
[1.313s]   /home/maghetto/ros2_ws/build/my_first_personal_project/rosidl_adapter/my_first_personal_project.idls)
[1.313s]   returned error code 1:
[1.313s] 
[1.313s]   Error processing 'uint32_t number' of 'my_first_personal_project/Number':
[1.313s]   ''uint32_t' is an invalid message name.  It should have the pattern
[1.313s]   '^[A-Z][A-Za-z0-9]*$''
[1.313s] 
[1.313s]   Traceback (most recent call last):
[1.313s] 
[1.313s]     File "/usr/lib/python3.8/runpy.py", line 194, in _run_module_as_main
[1.313s]       return _run_code(code, main_globals, None,
[1.313s]     File "/usr/lib/python3.8/runpy.py", line 87, in _run_code
[1.313s]       exec(code, run_globals)
[1.313s]     File "/opt/ros/foxy/lib/python3.8/site-packages/rosidl_adapter/__main__.py", line 19, in <module>
[1.313s]       sys.exit(main())
[1.313s]     File "/opt/ros/foxy/lib/python3.8/site-packages/rosidl_adapter/main.py", line 53, in main
[1.314s]       abs_idl_file = convert_to_idl(
[1.314s]     File "/opt/ros/foxy/lib/python3.8/site-packages/rosidl_adapter/__init__.py", line 19, in convert_to_idl
[1.314s]       return convert_msg_to_idl(
[1.314s]     File "/opt/ros/foxy/lib/python3.8/site-packages/rosidl_adapter/msg/__init__.py", line 28, in convert_msg_to_idl
[1.314s]       msg = parse_message_string(package_name, input_file.stem, content)
[1.314s]     File "/opt/ros/foxy/lib/python3.8/site-packages/rosidl_adapter/parser.py", line 516, in parse_message_string
[1.314s]       Type(type_string, context_package_name=pkg_name),
[1.314s]     File "/opt/ros/foxy/lib/python3.8/site-packages/rosidl_adapter/parser.py", line 276, in __init__
[1.314s]       super(Type, self).__init__(
[1.314s]     File "/opt/ros/foxy/lib/python3.8/site-packages/rosidl_adapter/parser.py", line 204, in __init__
[1.314s]       raise InvalidResourceName(
[1.315s] 
[1.315s]   rosidl_adapter.parser.InvalidResourceName: 'uint32_t' is an invalid message
[1.315s]   name.  It should have the pattern '^[A-Z][A-Za-z0-9]*$'
[1.315s] 
[1.315s] Call Stack (most recent call first):
[1.315s]   /opt/ros/foxy/share/rosidl_cmake/cmake/rosidl_generate_interfaces.cmake:130 (rosidl_adapt_interfaces)
[1.315s]   CMakeLists.txt:28 (rosidl_generate_interfaces)
[1.315s] 
[1.315s] 
[1.315s] -- Configuring incomplete, errors occurred!
[1.315s] See also "/home/maghetto/ros2_ws/build/my_first_personal_project/CMakeFiles/CMakeOutput.log".
[1.315s] See also "/home/maghetto/ros2_ws/build/my_first_personal_project/CMakeFiles/CMakeError.log".
[1.322s] make: *** [Makefile:792: cmake_check_build_system] Errore 1
[1.335s] Invoked command in '/home/maghetto/ros2_ws/build/my_first_personal_project' returned '2': CMAKE_PREFIX_PATH=${CMAKE_PREFIX_PATH}:/home/maghetto/ros2_ws/install/py_launch_example:/home/maghetto/ros2_ws/install/launch_tutorial:/home/maghetto/ros2_ws/install/examples_rclpy_minimal_subscriber:/home/maghetto/ros2_ws/install/examples_rclpy_minimal_service:/home/maghetto/ros2_ws/install/examples_rclpy_minimal_publisher:/home/maghetto/ros2_ws/install/examples_rclpy_minimal_client:/home/maghetto/ros2_ws/install/examples_rclpy_minimal_action_server:/home/maghetto/ros2_ws/install/examples_rclpy_minimal_action_client:/home/maghetto/ros2_ws/install/examples_rclpy_executors:/opt/ros/foxy /usr/bin/cmake --build /home/maghetto/ros2_ws/build/my_first_personal_project -- -j6 -l6
