[0.203s] Invoking command in '/home/maghetto/ros2_ws/build/my_first_personal_project': CMAKE_PREFIX_PATH=${CMAKE_PREFIX_PATH}:/home/maghetto/ros2_ws/install/py_launch_example:/home/maghetto/ros2_ws/install/launch_tutorial:/home/maghetto/ros2_ws/install/examples_rclpy_minimal_subscriber:/home/maghetto/ros2_ws/install/examples_rclpy_minimal_service:/home/maghetto/ros2_ws/install/examples_rclpy_minimal_publisher:/home/maghetto/ros2_ws/install/examples_rclpy_minimal_client:/home/maghetto/ros2_ws/install/examples_rclpy_minimal_action_server:/home/maghetto/ros2_ws/install/examples_rclpy_minimal_action_client:/home/maghetto/ros2_ws/install/examples_rclpy_executors:/opt/ros/foxy /usr/bin/cmake --build /home/maghetto/ros2_ws/build/my_first_personal_project -- -j6 -l6
[0.282s] [  3%] Built target my_first_personal_project__cpp
[0.283s] [ 12%] Built target my_first_personal_project__rosidl_generator_c
[0.315s] [ 21%] Built target my_first_personal_project__rosidl_typesupport_introspection_cpp
[0.317s] [ 30%] Built target my_first_personal_project__rosidl_typesupport_introspection_c
[0.318s] [ 39%] Built target my_first_personal_project__rosidl_typesupport_c
[0.321s] [ 48%] Built target my_first_personal_project__rosidl_typesupport_cpp
[0.321s] [ 57%] Built target my_first_personal_project__rosidl_typesupport_fastrtps_cpp
[0.363s] [ 66%] Built target my_first_personal_project__rosidl_typesupport_fastrtps_c
[0.392s] [ 66%] Built target my_first_personal_project
[0.409s] [35m[1mScanning dependencies of target random_generator[0m
[0.423s] [ 69%] Built target my_first_personal_project__py
[0.446s] [ 72%] [32mBuilding CXX object CMakeFiles/random_generator.dir/src/random_generator.cpp.o[0m
[0.467s] [ 78%] Built target my_first_personal_project__python
[0.501s] [ 90%] Built target my_first_personal_project__rosidl_typesupport_introspection_c__pyext
[0.501s] [ 90%] Built target my_first_personal_project__rosidl_typesupport_c__pyext
[0.505s] [ 96%] Built target my_first_personal_project__rosidl_typesupport_fastrtps_c__pyext
[1.763s] [01m[K/home/maghetto/ros2_ws/src/my_first_personal_project/src/random_generator.cpp:[m[K In member function â€˜[01m[Kvoid Random_Publisher::timer_callback()[m[Kâ€™:
[1.763s] [01m[K/home/maghetto/ros2_ws/src/my_first_personal_project/src/random_generator.cpp:35:7:[m[K [01;31m[Kerror: [m[Kâ€˜[01m[Kuint32[m[Kâ€™ was not declared in this scope; did you mean â€˜[01m[Krintf32[m[Kâ€™?
[1.763s]    35 |       [01;31m[Kuint32[m[K max_n = stoi(this->get_parameter("max_n").as_string());
[1.763s]       |       [01;31m[K^~~~~~[m[K
[1.764s]       |       [32m[Krintf32[m[K
[1.764s] [01m[K/home/maghetto/ros2_ws/src/my_first_personal_project/src/random_generator.cpp:36:13:[m[K [01;31m[Kerror: [m[Kexpected â€˜[01m[K;[m[Kâ€™ before â€˜[01m[Kmin_n[m[Kâ€™
[1.764s]    36 |       uint32[01;31m[K [m[K[32m[Kmin_n[m[K = stoi(this->get_parameter("min_n").as_string());
[1.764s]       |             [01;31m[K^[m[K[32m[K~~~~~[m[K
[1.764s]       |             [32m[K;[m[K
[1.767s] [01m[K/home/maghetto/ros2_ws/src/my_first_personal_project/src/random_generator.cpp:39:33:[m[K [01;31m[Kerror: [m[Kâ€˜[01m[Kmax_n[m[Kâ€™ was not declared in this scope
[1.767s]    39 |       number.number = (rand() % [01;31m[Kmax_n[m[K) + min_n;
[1.767s]       |                                 [01;31m[K^~~~~[m[K
[1.769s] [01m[K/home/maghetto/ros2_ws/src/my_first_personal_project/src/random_generator.cpp:39:42:[m[K [01;31m[Kerror: [m[Kâ€˜[01m[Kmin_n[m[Kâ€™ was not declared in this scope
[1.769s]    39 |       number.number = (rand() % max_n) + [01;31m[Kmin_n[m[K;
[1.769s]       |                                          [01;31m[K^~~~~[m[K
[2.731s] make[2]: *** [CMakeFiles/random_generator.dir/build.make:63: CMakeFiles/random_generator.dir/src/random_generator.cpp.o] Errore 1
[2.731s] make[1]: *** [CMakeFiles/Makefile2:155: CMakeFiles/random_generator.dir/all] Errore 2
[2.731s] make: *** [Makefile:141: all] Errore 2
[2.736s] Invoked command in '/home/maghetto/ros2_ws/build/my_first_personal_project' returned '2': CMAKE_PREFIX_PATH=${CMAKE_PREFIX_PATH}:/home/maghetto/ros2_ws/install/py_launch_example:/home/maghetto/ros2_ws/install/launch_tutorial:/home/maghetto/ros2_ws/install/examples_rclpy_minimal_subscriber:/home/maghetto/ros2_ws/install/examples_rclpy_minimal_service:/home/maghetto/ros2_ws/install/examples_rclpy_minimal_publisher:/home/maghetto/ros2_ws/install/examples_rclpy_minimal_client:/home/maghetto/ros2_ws/install/examples_rclpy_minimal_action_server:/home/maghetto/ros2_ws/install/examples_rclpy_minimal_action_client:/home/maghetto/ros2_ws/install/examples_rclpy_executors:/opt/ros/foxy /usr/bin/cmake --build /home/maghetto/ros2_ws/build/my_first_personal_project -- -j6 -l6
