[  3%] Built target my_first_personal_project__cpp
[ 12%] Built target my_first_personal_project__rosidl_generator_c
[ 21%] Built target my_first_personal_project__rosidl_typesupport_cpp
[ 30%] Built target my_first_personal_project__rosidl_typesupport_introspection_cpp
[ 39%] Built target my_first_personal_project__rosidl_typesupport_introspection_c
[ 48%] Built target my_first_personal_project__rosidl_typesupport_c
[ 57%] Built target my_first_personal_project__rosidl_typesupport_fastrtps_cpp
[ 66%] Built target my_first_personal_project__rosidl_typesupport_fastrtps_c
[ 66%] Built target my_first_personal_project
[ 69%] Built target my_first_personal_project__py
[35m[1mScanning dependencies of target random_generator[0m
[ 72%] [32mBuilding CXX object CMakeFiles/random_generator.dir/src/random_generator.cpp.o[0m
[01m[K/home/maghetto/ros2_ws/src/my_first_personal_project/src/random_generator.cpp:[m[K In member function â€˜[01m[Kvoid Random_Publisher::timer_callback()[m[Kâ€™:
[01m[K/home/maghetto/ros2_ws/src/my_first_personal_project/src/random_generator.cpp:35:7:[m[K [01;31m[Kerror: [m[Kâ€˜[01m[Kuint32[m[Kâ€™ was not declared in this scope; did you mean â€˜[01m[Krintf32[m[Kâ€™?
   35 |       [01;31m[Kuint32[m[K max_n = stoi(this->get_parameter("max_n").as_string());
      |       [01;31m[K^~~~~~[m[K
      |       [32m[Krintf32[m[K
[01m[K/home/maghetto/ros2_ws/src/my_first_personal_project/src/random_generator.cpp:36:13:[m[K [01;31m[Kerror: [m[Kexpected â€˜[01m[K;[m[Kâ€™ before â€˜[01m[Kmin_n[m[Kâ€™
   36 |       uint32[01;31m[K [m[K[32m[Kmin_n[m[K = stoi(this->get_parameter("min_n").as_string());
      |             [01;31m[K^[m[K[32m[K~~~~~[m[K
      |             [32m[K;[m[K
[01m[K/home/maghetto/ros2_ws/src/my_first_personal_project/src/random_generator.cpp:39:33:[m[K [01;31m[Kerror: [m[Kâ€˜[01m[Kmax_n[m[Kâ€™ was not declared in this scope
   39 |       number.number = (rand() % [01;31m[Kmax_n[m[K) + min_n;
      |                                 [01;31m[K^~~~~[m[K
[01m[K/home/maghetto/ros2_ws/src/my_first_personal_project/src/random_generator.cpp:39:42:[m[K [01;31m[Kerror: [m[Kâ€˜[01m[Kmin_n[m[Kâ€™ was not declared in this scope
   39 |       number.number = (rand() % max_n) + [01;31m[Kmin_n[m[K;
      |                                          [01;31m[K^~~~~[m[K
make[2]: *** [CMakeFiles/random_generator.dir/build.make:63: CMakeFiles/random_generator.dir/src/random_generator.cpp.o] Errore 1
make[1]: *** [CMakeFiles/Makefile2:155: CMakeFiles/random_generator.dir/all] Errore 2
make: *** [Makefile:141: all] Errore 2
