[0.224s] Invoking command in '/home/maghetto/ros2_ws/build/my_first_personal_project': CMAKE_PREFIX_PATH=${CMAKE_PREFIX_PATH}:/home/maghetto/ros2_ws/install/py_launch_example:/home/maghetto/ros2_ws/install/launch_tutorial:/home/maghetto/ros2_ws/install/examples_rclpy_minimal_subscriber:/home/maghetto/ros2_ws/install/examples_rclpy_minimal_service:/home/maghetto/ros2_ws/install/examples_rclpy_minimal_publisher:/home/maghetto/ros2_ws/install/examples_rclpy_minimal_client:/home/maghetto/ros2_ws/install/examples_rclpy_minimal_action_server:/home/maghetto/ros2_ws/install/examples_rclpy_minimal_action_client:/home/maghetto/ros2_ws/install/examples_rclpy_executors:/opt/ros/foxy /usr/bin/cmake --build /home/maghetto/ros2_ws/build/my_first_personal_project -- -j6 -l6
[0.311s] [  3%] Built target my_first_personal_project__cpp
[0.311s] [ 12%] Built target my_first_personal_project__rosidl_generator_c
[0.352s] [ 21%] Built target my_first_personal_project__rosidl_typesupport_cpp
[0.353s] [ 30%] Built target my_first_personal_project__rosidl_typesupport_introspection_cpp
[0.386s] [ 39%] Built target my_first_personal_project__rosidl_typesupport_introspection_c
[0.388s] [ 48%] Built target my_first_personal_project__rosidl_typesupport_c
[0.419s] [ 57%] Built target my_first_personal_project__rosidl_typesupport_fastrtps_cpp
[0.463s] [ 66%] Built target my_first_personal_project__rosidl_typesupport_fastrtps_c
[0.506s] [ 66%] Built target my_first_personal_project
[0.535s] [ 69%] Built target my_first_personal_project__py
[0.552s] [35m[1mScanning dependencies of target random_generator[0m
[0.582s] [ 72%] [32mBuilding CXX object CMakeFiles/random_generator.dir/src/random_generator.cpp.o[0m
[2.878s] [01m[K/home/maghetto/ros2_ws/src/my_first_personal_project/src/random_generator.cpp:[m[K In member function â€˜[01m[Kvoid Random_Publisher::timer_callback()[m[Kâ€™:
[2.879s] [01m[K/home/maghetto/ros2_ws/src/my_first_personal_project/src/random_generator.cpp:35:7:[m[K [01;31m[Kerror: [m[Kâ€˜[01m[Kuint32[m[Kâ€™ was not declared in this scope; did you mean â€˜[01m[Krintf32[m[Kâ€™?
[2.879s]    35 |       [01;31m[Kuint32[m[K max_n = stoi(this->get_parameter("max_n").as_string());
[2.879s]       |       [01;31m[K^~~~~~[m[K
[2.879s]       |       [32m[Krintf32[m[K
[2.879s] [01m[K/home/maghetto/ros2_ws/src/my_first_personal_project/src/random_generator.cpp:36:13:[m[K [01;31m[Kerror: [m[Kexpected â€˜[01m[K;[m[Kâ€™ before â€˜[01m[Kmin_n[m[Kâ€™
[2.879s]    36 |       uint32[01;31m[K [m[K[32m[Kmin_n[m[K = stoi(this->get_parameter("min_n").as_string());
[2.879s]       |             [01;31m[K^[m[K[32m[K~~~~~[m[K
[2.879s]       |             [32m[K;[m[K
[2.880s] [01m[K/home/maghetto/ros2_ws/src/my_first_personal_project/src/random_generator.cpp:39:33:[m[K [01;31m[Kerror: [m[Kâ€˜[01m[Kmax_n[m[Kâ€™ was not declared in this scope
[2.880s]    39 |       number.number = (rand() % [01;31m[Kmax_n[m[K) + min_n;
[2.880s]       |                                 [01;31m[K^~~~~[m[K
[2.881s] [01m[K/home/maghetto/ros2_ws/src/my_first_personal_project/src/random_generator.cpp:39:42:[m[K [01;31m[Kerror: [m[Kâ€˜[01m[Kmin_n[m[Kâ€™ was not declared in this scope
[2.881s]    39 |       number.number = (rand() % max_n) + [01;31m[Kmin_n[m[K;
[2.881s]       |                                          [01;31m[K^~~~~[m[K
[4.554s] make[2]: *** [CMakeFiles/random_generator.dir/build.make:63: CMakeFiles/random_generator.dir/src/random_generator.cpp.o] Errore 1
[4.554s] make[1]: *** [CMakeFiles/Makefile2:155: CMakeFiles/random_generator.dir/all] Errore 2
[4.554s] make: *** [Makefile:141: all] Errore 2
[4.563s] Invoked command in '/home/maghetto/ros2_ws/build/my_first_personal_project' returned '2': CMAKE_PREFIX_PATH=${CMAKE_PREFIX_PATH}:/home/maghetto/ros2_ws/install/py_launch_example:/home/maghetto/ros2_ws/install/launch_tutorial:/home/maghetto/ros2_ws/install/examples_rclpy_minimal_subscriber:/home/maghetto/ros2_ws/install/examples_rclpy_minimal_service:/home/maghetto/ros2_ws/install/examples_rclpy_minimal_publisher:/home/maghetto/ros2_ws/install/examples_rclpy_minimal_client:/home/maghetto/ros2_ws/install/examples_rclpy_minimal_action_server:/home/maghetto/ros2_ws/install/examples_rclpy_minimal_action_client:/home/maghetto/ros2_ws/install/examples_rclpy_executors:/opt/ros/foxy /usr/bin/cmake --build /home/maghetto/ros2_ws/build/my_first_personal_project -- -j6 -l6
