[0.168s] Invoking command in '/home/maghetto/ros2_ws/build/my_first_personal_project': CMAKE_PREFIX_PATH=/opt/ros/foxy /usr/bin/cmake --build /home/maghetto/ros2_ws/build/my_first_personal_project -- -j6 -l6
[0.245s] [  9%] Built target my_first_personal_project__rosidl_generator_c
[0.246s] [ 12%] Built target my_first_personal_project__cpp
[0.275s] [ 21%] Built target my_first_personal_project__rosidl_typesupport_introspection_c
[0.280s] [ 30%] Built target my_first_personal_project__rosidl_typesupport_introspection_cpp
[0.283s] [ 39%] Built target my_first_personal_project__rosidl_typesupport_cpp
[0.288s] [ 48%] Built target my_first_personal_project__rosidl_typesupport_c
[0.288s] [ 57%] Built target my_first_personal_project__rosidl_typesupport_fastrtps_cpp
[0.321s] [ 66%] Built target my_first_personal_project__rosidl_typesupport_fastrtps_c
[0.350s] [ 66%] Built target my_first_personal_project
[0.371s] [35m[1mScanning dependencies of target random_generator[0m
[0.393s] [ 69%] Built target my_first_personal_project__py
[0.411s] [ 72%] [32mBuilding CXX object CMakeFiles/random_generator.dir/src/random_generator.cpp.o[0m
[0.436s] [ 78%] Built target my_first_personal_project__python
[0.478s] [ 90%] Built target my_first_personal_project__rosidl_typesupport_fastrtps_c__pyext
[0.478s] [ 90%] Built target my_first_personal_project__rosidl_typesupport_c__pyext
[0.479s] [ 96%] Built target my_first_personal_project__rosidl_typesupport_introspection_c__pyext
[1.663s] [01m[K/home/maghetto/ros2_ws/src/my_first_personal_project/src/random_generator.cpp:[m[K In constructor â€˜[01m[KRandom_Publisher::Random_Publisher()[m[Kâ€™:
[1.663s] [01m[K/home/maghetto/ros2_ws/src/my_first_personal_project/src/random_generator.cpp:22:83:[m[K [01;31m[Kerror: [m[Kno matching function for call to â€˜[01m[KRandom_Publisher::create_publisher<my_first_personal_project::msg::Number>()[m[Kâ€™
[1.663s]    22 |       publisher_ = this->create_publisher<my_first_personal_project::msg::Number>([01;31m[K)[m[K;
[1.663s]       |                                                                                   [01;31m[K^[m[K
[1.663s] In file included from [01m[K/opt/ros/foxy/include/rclcpp/executors/single_threaded_executor.hpp:28[m[K,
[1.663s]                  from [01m[K/opt/ros/foxy/include/rclcpp/executors.hpp:22[m[K,
[1.663s]                  from [01m[K/opt/ros/foxy/include/rclcpp/rclcpp.hpp:146[m[K,
[1.663s]                  from [01m[K/home/maghetto/ros2_ws/src/my_first_personal_project/src/random_generator.cpp:7[m[K:
[1.663s] [01m[K/opt/ros/foxy/include/rclcpp/node.hpp:184:3:[m[K [01;36m[Knote: [m[Kcandidate: â€˜[01m[Ktemplate<class MessageT, class AllocatorT, class PublisherT> std::shared_ptr<PublisherT> rclcpp::Node::create_publisher(const string&, const rclcpp::QoS&, const rclcpp::PublisherOptionsWithAllocator<AllocatorT>&)[m[Kâ€™
[1.663s]   184 |   [01;36m[Kcreate_publisher[m[K(
[1.663s]       |   [01;36m[K^~~~~~~~~~~~~~~~[m[K
[1.663s] [01m[K/opt/ros/foxy/include/rclcpp/node.hpp:184:3:[m[K [01;36m[Knote: [m[K  template argument deduction/substitution failed:
[1.663s] [01m[K/home/maghetto/ros2_ws/src/my_first_personal_project/src/random_generator.cpp:22:83:[m[K [01;36m[Knote: [m[K  candidate expects 3 arguments, 0 provided
[1.663s]    22 |       publisher_ = this->create_publisher<my_first_personal_project::msg::Number>([01;36m[K)[m[K;
[1.664s]       |                                                                                   [01;36m[K^[m[K
[1.676s] [01m[K/home/maghetto/ros2_ws/src/my_first_personal_project/src/random_generator.cpp:[m[K In member function â€˜[01m[Kvoid Random_Publisher::timer_callback()[m[Kâ€™:
[1.676s] [01m[K/home/maghetto/ros2_ws/src/my_first_personal_project/src/random_generator.cpp:34:21:[m[K [01;31m[Kerror: [m[Kâ€˜[01m[Kuint32[m[Kâ€™ was not declared in this scope; did you mean â€˜[01m[Krintf32[m[Kâ€™?
[1.676s]    34 |       number.pid = ([01;31m[Kuint32[m[K)std::this_thread::get_id();
[1.677s]       |                     [01;31m[K^~~~~~[m[K
[1.677s]       |                     [32m[Krintf32[m[K
[2.171s] make[2]: *** [CMakeFiles/random_generator.dir/build.make:63: CMakeFiles/random_generator.dir/src/random_generator.cpp.o] Errore 1
[2.171s] make[1]: *** [CMakeFiles/Makefile2:155: CMakeFiles/random_generator.dir/all] Errore 2
[2.171s] make: *** [Makefile:141: all] Errore 2
[2.176s] Invoked command in '/home/maghetto/ros2_ws/build/my_first_personal_project' returned '2': CMAKE_PREFIX_PATH=/opt/ros/foxy /usr/bin/cmake --build /home/maghetto/ros2_ws/build/my_first_personal_project -- -j6 -l6
